Performing C SOURCE FILE Test CMAKE_HAVE_LIBC_PTHREAD failed with the following output:
Change Dir: /data3/cjh/并行程序设计/cuda_practice/helloworld/CMakeFiles/CMakeTmp

Run Build Command(s):/usr/bin/make cmTC_b6312/fast && /usr/bin/make -f CMakeFiles/cmTC_b6312.dir/build.make CMakeFiles/cmTC_b6312.dir/build
make[1]: Entering directory '/data3/cjh/并行程序设计/cuda_practice/helloworld/CMakeFiles/CMakeTmp'
Building C object CMakeFiles/cmTC_b6312.dir/src.c.o
/usr/bin/cc   -fPIC -DCMAKE_HAVE_LIBC_PTHREAD   -o CMakeFiles/cmTC_b6312.dir/src.c.o   -c /data3/cjh/并行程序设计/cuda_practice/helloworld/CMakeFiles/CMakeTmp/src.c
Linking C executable cmTC_b6312
/usr/bin/cmake -E cmake_link_script CMakeFiles/cmTC_b6312.dir/link.txt --verbose=1
/usr/bin/cc -fPIC -DCMAKE_HAVE_LIBC_PTHREAD    -rdynamic CMakeFiles/cmTC_b6312.dir/src.c.o  -o cmTC_b6312 
/usr/bin/ld: CMakeFiles/cmTC_b6312.dir/src.c.o: in function `main':
src.c:(.text+0x3e): undefined reference to `pthread_create'
/usr/bin/ld: src.c:(.text+0x4a): undefined reference to `pthread_detach'
/usr/bin/ld: src.c:(.text+0x5b): undefined reference to `pthread_join'
collect2: error: ld returned 1 exit status
CMakeFiles/cmTC_b6312.dir/build.make:86: recipe for target 'cmTC_b6312' failed
make[1]: *** [cmTC_b6312] Error 1
make[1]: Leaving directory '/data3/cjh/并行程序设计/cuda_practice/helloworld/CMakeFiles/CMakeTmp'
Makefile:121: recipe for target 'cmTC_b6312/fast' failed
make: *** [cmTC_b6312/fast] Error 2


Source file was:
#include <pthread.h>

void* test_func(void* data)
{
  return data;
}

int main(void)
{
  pthread_t thread;
  pthread_create(&thread, NULL, test_func, NULL);
  pthread_detach(thread);
  pthread_join(thread, NULL);
  pthread_atfork(NULL, NULL, NULL);
  pthread_exit(NULL);

  return 0;
}

Determining if the function pthread_create exists in the pthreads failed with the following output:
Change Dir: /data3/cjh/并行程序设计/cuda_practice/helloworld/CMakeFiles/CMakeTmp

Run Build Command(s):/usr/bin/make cmTC_13cc7/fast && /usr/bin/make -f CMakeFiles/cmTC_13cc7.dir/build.make CMakeFiles/cmTC_13cc7.dir/build
make[1]: Entering directory '/data3/cjh/并行程序设计/cuda_practice/helloworld/CMakeFiles/CMakeTmp'
Building C object CMakeFiles/cmTC_13cc7.dir/CheckFunctionExists.c.o
/usr/bin/cc   -fPIC -DCHECK_FUNCTION_EXISTS=pthread_create   -o CMakeFiles/cmTC_13cc7.dir/CheckFunctionExists.c.o   -c /usr/share/cmake-3.16/Modules/CheckFunctionExists.c
Linking C executable cmTC_13cc7
/usr/bin/cmake -E cmake_link_script CMakeFiles/cmTC_13cc7.dir/link.txt --verbose=1
/usr/bin/cc -fPIC -DCHECK_FUNCTION_EXISTS=pthread_create    -rdynamic CMakeFiles/cmTC_13cc7.dir/CheckFunctionExists.c.o  -o cmTC_13cc7  -lpthreads 
/usr/bin/ld: cannot find -lpthreads
collect2: error: ld returned 1 exit status
CMakeFiles/cmTC_13cc7.dir/build.make:86: recipe for target 'cmTC_13cc7' failed
make[1]: *** [cmTC_13cc7] Error 1
make[1]: Leaving directory '/data3/cjh/并行程序设计/cuda_practice/helloworld/CMakeFiles/CMakeTmp'
Makefile:121: recipe for target 'cmTC_13cc7/fast' failed
make: *** [cmTC_13cc7/fast] Error 2



